C51 COMPILER V9.54   MAIN                                                                  12/04/2017 23:06:23 PAGE 1   


C51 COMPILER V9.54, COMPILATION OF MODULE MAIN
OBJECT MODULE PLACED IN .\Objects\main.obj
COMPILER INVOKED BY: D:\Keil\C51\BIN\C51.EXE main.c OPTIMIZE(8,SPEED) BROWSE DEBUG OBJECTEXTEND PRINT(.\Listings\main.ls
                    -t) TABS(2) OBJECT(.\Objects\main.obj)

line level    source

   1          #include"reg52.h"
   2          sbit led=P2^0;
   3          void Timer0Init()
   4          {
   5   1        TMOD|=0x01;
   6   1        TH0=0xfc;
   7   1        TL0=0x18;
   8   1        ET0=1;
   9   1        EA=1;
  10   1        TR0=1;
  11   1      }
  12          void main()
  13          {
  14   1        Timer0Init();
  15   1        while(1);
  16   1      }
  17          void Timer0()interrupt 1
  18          {
  19   1        static int i;
  20   1        TH0=0xfc;
  21   1        TL0=0x18;
  22   1        i++;
  23   1        if(i==1000)
  24   1        {
  25   2          i=0;
  26   2          led=~led;
  27   2        }
  28   1      }


MODULE INFORMATION:   STATIC OVERLAYABLE
   CODE SIZE        =     60    ----
   CONSTANT SIZE    =   ----    ----
   XDATA SIZE       =   ----    ----
   PDATA SIZE       =   ----    ----
   DATA SIZE        =      2    ----
   IDATA SIZE       =   ----    ----
   BIT SIZE         =   ----    ----
END OF MODULE INFORMATION.


C51 COMPILATION COMPLETE.  0 WARNING(S),  0 ERROR(S)
