C51 COMPILER V9.54   MAIN                                                                  10/03/2017 21:33:19 PAGE 1   


C51 COMPILER V9.54, COMPILATION OF MODULE MAIN
OBJECT MODULE PLACED IN .\Objects\main.obj
COMPILER INVOKED BY: D:\keil\C51\BIN\C51.EXE main.c OPTIMIZE(8,SPEED) BROWSE DEBUG OBJECTEXTEND PRINT(.\Listings\main.ls
                    -t) TABS(2) OBJECT(.\Objects\main.obj)

line level    source

   1          #include"reg52.h"
   2          sbit key1=P1^0;
   3          sbit key2=P1^1;
   4          sbit wei=P0^0;
   5          sbit duan=P0^1;
   6          unsigned char code duanma[]={0x3f,0x06,0x5b,0x4f,0x66,0x6d,0x7d,0x07,0x7f,0x6f};
   7          unsigned char code weima[]={0xfe,0xfd,0xfb,0xf7,0xef,0xdf,0xbf,0x7f};
   8          unsigned char temp[8];
   9          void delayus(unsigned char t)
  10          {
  11   1        while(t--);
  12   1      }
  13          void delayms(unsigned char t)
  14          {
  15   1        while(t--)
  16   1        {
  17   2          delayus(245);
  18   2          delayus(245);
  19   2        }
  20   1      }
  21          void display(unsigned char first,unsigned char num)
  22          {
  23   1        unsigned char i;
  24   1        for(i=0;i<num;i++)
  25   1        {
  26   2          P2=0;
  27   2          duan=1;
  28   2          duan=0;
  29   2          P2=weima[i+first];
  30   2          wei=1;
  31   2          wei=0;
  32   2          P2=temp[i];
  33   2          duan=1;
  34   2          duan=0;
  35   2          delayms(2);
  36   2        }
  37   1      }
  38          void main()
  39          {
  40   1        unsigned char num=0;
  41   1        key1=1;
  42   1        key2=1;
  43   1        while(1)
  44   1        {
  45   2          if(!key1)
  46   2          {
  47   3            delayms(10);
  48   3            if(!key1)
  49   3            {
  50   4              while(!key1);
  51   4              if(num<9)
  52   4                num++;
  53   4            }
  54   3          }
C51 COMPILER V9.54   MAIN                                                                  10/03/2017 21:33:19 PAGE 2   

  55   2          if(!key2)
  56   2          {
  57   3            delayms(10);
  58   3            if(!key2)
  59   3            {
  60   4              while(!key2);
  61   4              if(num>0)
  62   4                num--;
  63   4            }
  64   3          }
  65   2          temp[0]=duanma[num%10];
  66   2          display(0,1);
  67   2        }
  68   1      }


MODULE INFORMATION:   STATIC OVERLAYABLE
   CODE SIZE        =    148    ----
   CONSTANT SIZE    =     18    ----
   XDATA SIZE       =   ----    ----
   PDATA SIZE       =   ----    ----
   DATA SIZE        =      8    ----
   IDATA SIZE       =   ----    ----
   BIT SIZE         =   ----    ----
END OF MODULE INFORMATION.


C51 COMPILATION COMPLETE.  0 WARNING(S),  0 ERROR(S)
