C51 COMPILER V9.54   MAIN                                                                  09/26/2017 00:50:37 PAGE 1   


C51 COMPILER V9.54, COMPILATION OF MODULE MAIN
OBJECT MODULE PLACED IN .\Objects\main.obj
COMPILER INVOKED BY: D:\keil\C51\BIN\C51.EXE main.c OPTIMIZE(8,SPEED) BROWSE DEBUG OBJECTEXTEND PRINT(.\Listings\main.ls
                    -t) TABS(2) OBJECT(.\Objects\main.obj)

line level    source

   1          #include"reg52.h"
   2          sbit led=P1^0;
   3          void delay(unsigned int i)
   4          {
   5   1        while(i--);
   6   1      }
   7          void main()
   8          {
   9   1        unsigned char i;
  10   1        while(1)
  11   1        {
  12   2          for(i=0;i<10;i++)
  13   2          {
  14   3            led=0;
  15   3            delay(5000);
  16   3            led=1;
  17   3            delay(5000);
  18   3          }
  19   2          for(i=0;i<10;i++)
  20   2          {
  21   3            led=0;
  22   3            delay(60000);
  23   3            led=1;
  24   3            delay(60000);
  25   3          }
  26   2        }
  27   1      }


MODULE INFORMATION:   STATIC OVERLAYABLE
   CODE SIZE        =     64    ----
   CONSTANT SIZE    =   ----    ----
   XDATA SIZE       =   ----    ----
   PDATA SIZE       =   ----    ----
   DATA SIZE        =   ----    ----
   IDATA SIZE       =   ----    ----
   BIT SIZE         =   ----    ----
END OF MODULE INFORMATION.


C51 COMPILATION COMPLETE.  0 WARNING(S),  0 ERROR(S)
