C51 COMPILER V9.54   MAIN                                                                  10/03/2017 23:31:28 PAGE 1   


C51 COMPILER V9.54, COMPILATION OF MODULE MAIN
OBJECT MODULE PLACED IN .\Objects\main.obj
COMPILER INVOKED BY: D:\keil\C51\BIN\C51.EXE main.c OPTIMIZE(8,SPEED) BROWSE DEBUG OBJECTEXTEND PRINT(.\Listings\main.ls
                    -t) TABS(2) OBJECT(.\Objects\main.obj)

line level    source

   1          #include"reg52.h"
   2          #include"intrins.h"
   3          unsigned char segout[8]={0x01,0x02,0x04,0x08,0x10,0x20,0x40,0x80};
   4          unsigned char code tab[]={0x00,0x6c,0x92,0x82,0x44,0x28,0x10,0x00};
   5          sbit latch=P1^0;
   6          sbit srclk=P1^1;
   7          sbit ser=P1^2;
   8          sbit latch2=P2^2;
   9          sbit srclk2=P2^1;
  10          sbit ser2=P2^0;
  11          void sendbyte(unsigned char dat)
  12          {
  13   1        unsigned char i;
  14   1        for(i=0;i<8;i++)
  15   1        {
  16   2          srclk=0;
  17   2          ser=dat&0x80;
  18   2          dat<<=1;
  19   2          srclk=1;
  20   2        }
  21   1      }
  22          void send2byte(unsigned char dat1,unsigned char dat2)
  23          {
  24   1        sendbyte(dat1);
  25   1        sendbyte(dat2);
  26   1      }
  27          void out595()
  28          {
  29   1        latch=1;
  30   1        _nop_();
  31   1        latch=0;
  32   1      }
  33          void sendseg(unsigned char dat)
  34          {
  35   1        unsigned char i;
  36   1        for(i=0;i<8;i++)
  37   1        {
  38   2          srclk2=0;
  39   2          ser2=dat&0x80;
  40   2          dat<<=1;
  41   2          srclk2=1;
  42   2        }
  43   1        latch2=1;
  44   1        _nop_();
  45   1        latch2=0;
  46   1      }
  47          void delay(unsigned int i)
  48          {
  49   1        while(i--);
  50   1      }
  51          void main()
  52          {
  53   1        unsigned char i;
  54   1        while(1)
C51 COMPILER V9.54   MAIN                                                                  10/03/2017 23:31:28 PAGE 2   

  55   1        {
  56   2          for(i=0;i<8;i++)
  57   2          {
  58   3            sendseg(segout[i]);
  59   3            send2byte(~tab[i],0xff);
  60   3            out595();
  61   3            delay(100);
  62   3            send2byte(0xff,0xff);
  63   3            out595();
  64   3          }
  65   2        }
  66   1      }


MODULE INFORMATION:   STATIC OVERLAYABLE
   CODE SIZE        =    115    ----
   CONSTANT SIZE    =      8    ----
   XDATA SIZE       =   ----    ----
   PDATA SIZE       =   ----    ----
   DATA SIZE        =      8    ----
   IDATA SIZE       =   ----    ----
   BIT SIZE         =   ----    ----
END OF MODULE INFORMATION.


C51 COMPILATION COMPLETE.  0 WARNING(S),  0 ERROR(S)
