C51 COMPILER V9.54   MAIN                                                                  10/13/2017 16:36:50 PAGE 1   


C51 COMPILER V9.54, COMPILATION OF MODULE MAIN
OBJECT MODULE PLACED IN .\Objects\main.obj
COMPILER INVOKED BY: D:\keil\C51\BIN\C51.EXE main.c OPTIMIZE(8,SPEED) BROWSE DEBUG OBJECTEXTEND PRINT(.\Listings\main.ls
                    -t) TABS(2) OBJECT(.\Objects\main.obj)

line level    source

   1          #include"reg52.h"
   2          #include"intrins.h"
   3          typedef unsigned char u8;
   4          typedef unsigned char u16;
   5          sbit a=P2^2;
   6          sbit b=P2^3;
   7          sbit c=P2^4;
   8          u8 code duanma[17]={0x3f,0x06,0x5b,0x4f,0x66,0x6d,0x7d,0x07,
   9                    0x7f,0x6f,0x77,0x7c,0x39,0x5e,0x79,0x71};
  10          void delay(u16 i)
  11          {
  12   1        while(--i);
  13   1      }
  14          void display()
  15          {
  16   1        u8 i;
  17   1        for(i=0;i<8;i++)
  18   1        {
  19   2          switch(i)
  20   2          {
  21   3            case 0:a=0;b=0;c=0;break;
  22   3            case 1:a=1;b=0;c=0;break;
  23   3            case 2:a=0;b=1;c=0;break;
  24   3            case 3:a=1;b=1;c=0;break;
  25   3            case 4:a=0;b=0;c=1;break;
  26   3            case 5:a=1;b=0;c=1;break;
  27   3            case 6:a=0;b=1;c=1;break;
  28   3            case 7:a=1;b=1;c=1;break;
  29   3          }
  30   2          P0=duanma[i];
  31   2          delay(100);
  32   2          P0=0;
  33   2        }
  34   1      }
  35          void main()
  36          {
  37   1        while(1)
  38   1        {
  39   2          display();
  40   2        }
  41   1      }


MODULE INFORMATION:   STATIC OVERLAYABLE
   CODE SIZE        =    115    ----
   CONSTANT SIZE    =     17    ----
   XDATA SIZE       =   ----    ----
   PDATA SIZE       =   ----    ----
   DATA SIZE        =   ----    ----
   IDATA SIZE       =   ----    ----
   BIT SIZE         =   ----    ----
END OF MODULE INFORMATION.


C51 COMPILATION COMPLETE.  0 WARNING(S),  0 ERROR(S)
