C51 COMPILER V9.54   MAIN                                                                  10/02/2017 19:32:21 PAGE 1   


C51 COMPILER V9.54, COMPILATION OF MODULE MAIN
OBJECT MODULE PLACED IN .\Objects\main.obj
COMPILER INVOKED BY: D:\keil\C51\BIN\C51.EXE main.c OPTIMIZE(8,SPEED) BROWSE DEBUG OBJECTEXTEND PRINT(.\Listings\main.ls
                    -t) TABS(2) OBJECT(.\Objects\main.obj)

line level    source

   1          #include"reg52.h"
   2          sbit led=P1^1;
   3          sbit key=P1^0;
   4          void main()
   5          {
   6   1        unsigned int i;
   7   1        while(1)
   8   1        {
   9   2          if(key==0)
  10   2          {
  11   3            for(i=0;i<5000;i++);
  12   3            if(!key)
  13   3            {
  14   4              while(!key);
  15   4              led=!led;
  16   4            }
  17   3          }     
  18   2        }
  19   1      }


MODULE INFORMATION:   STATIC OVERLAYABLE
   CODE SIZE        =     27    ----
   CONSTANT SIZE    =   ----    ----
   XDATA SIZE       =   ----    ----
   PDATA SIZE       =   ----    ----
   DATA SIZE        =   ----    ----
   IDATA SIZE       =   ----    ----
   BIT SIZE         =   ----    ----
END OF MODULE INFORMATION.


C51 COMPILATION COMPLETE.  0 WARNING(S),  0 ERROR(S)
