C51 COMPILER V9.54   MAIN                                                                  11/19/2017 16:39:27 PAGE 1   


C51 COMPILER V9.54, COMPILATION OF MODULE MAIN
OBJECT MODULE PLACED IN .\Objects\main.obj
COMPILER INVOKED BY: D:\keil\C51\BIN\C51.EXE main.c OPTIMIZE(8,SPEED) BROWSE DEBUG OBJECTEXTEND PRINT(.\Listings\main.ls
                    -t) TABS(2) OBJECT(.\Objects\main.obj)

line level    source

   1          #include"reg52.h"
   2          #define uchar unsigned char
   3          #define uint unsigned int
   4          sbit rs=P2^4;
   5          sbit lcden=P2^6;
   6          sbit lcdrw=P2^5;
   7          uchar code shen[]= {"LCD1602--CLOCK"};
   8          uchar code word[]= {0x30,0x31,0x32,0x33,0x34,0x35,0x36,0x37,0x38,0x39,0x3a};
   9          uchar dispbuf[8]= {0,0,10,0,0,10,0,0};
  10          uchar num=0,s=0,m=0,h=0,flag=1;
  11          void delay(uint x)
  12          {
  13   1          uint a,b;
  14   1          for(a=x; a>0; a--)
  15   1              for(b=10; b>0; b--);
  16   1      }
  17          void write_com(uchar com)
  18          {
  19   1          P0=com;
  20   1          rs=0;
  21   1          lcden=0;
  22   1          delay(10);
  23   1          lcden=1;
  24   1          delay(10);
  25   1          lcden=0;
  26   1      }
  27          void write_date(uchar date)
  28          {
  29   1          P0=date;
  30   1          rs=1;
  31   1          lcden=0;
  32   1          delay(10);
  33   1          lcden=1;
  34   1          delay(10);
  35   1          lcden=0;
  36   1      }
  37          void Lcd_init()
  38          {
  39   1          lcdrw=0;
  40   1          write_com(0x01);
  41   1          delay(20);
  42   1          write_com(0x38);
  43   1          delay(20);
  44   1          write_com(0x0c);
  45   1          delay(20);
  46   1          write_com(0x06);
  47   1          delay(20);
  48   1      }
  49          void time0_init()
  50          {
  51   1          TMOD=0X01;
  52   1          TH0=(65536-25000)/256;
  53   1          TL0=(65536-25000)%256;
  54   1          EA=1;
C51 COMPILER V9.54   MAIN                                                                  11/19/2017 16:39:27 PAGE 2   

  55   1          ET0=1;
  56   1          EX0=1;
  57   1          IT0=1;
  58   1          PX0=1;
  59   1          TR0=1;
  60   1      }
  61          void timer0() interrupt 1
  62          {
  63   1          flag=0;
  64   1          TH0=(65536-25000)/256;
  65   1          TL0=(65536-25000)%256;
  66   1          num++;
  67   1          if(num==40)
  68   1          {
  69   2              flag=1;
  70   2              s++;
  71   2              num=0;
  72   2              if(s==60)
  73   2              {
  74   3                  m++;
  75   3                  s=0;
  76   3                  if(m==60)
  77   3                  {
  78   4                      h++;
  79   4                      m=0;
  80   4                      if(h==24)
  81   4                          h=0;
  82   4                  }
  83   3              }
  84   2          }
  85   1      }
  86          void time1() interrupt 0
  87          {
  88   1          TR0=~TR0;
  89   1      }
  90          void main()
  91          {
  92   1          uchar a;
  93   1          Lcd_init();
  94   1          write_com(0x80);
  95   1          delay(20);
  96   1          for(a=0; a<15; a++)
  97   1          {
  98   2              write_date(shen[a]);
  99   2              delay(20);
 100   2          }
 101   1          time0_init();
 102   1          while(1)
 103   1          {
 104   2              if(flag==1)
 105   2              {
 106   3                  dispbuf[0]=h/10;
 107   3                  dispbuf[1]=h%10;
 108   3                  dispbuf[3]=m/10;
 109   3                  dispbuf[4]=m%10;
 110   3                  dispbuf[6]=s/10;
 111   3                  dispbuf[7]=s%10;
 112   3                  write_com(0xc0+4);
 113   3                  delay(20);
 114   3                  for(a=0; a<8; a++)
 115   3                  {
 116   4                      write_date(word[dispbuf[a]]);
C51 COMPILER V9.54   MAIN                                                                  11/19/2017 16:39:27 PAGE 3   

 117   4                      delay(20);
 118   4                  }
 119   3              }
 120   2          }
 121   1      }


MODULE INFORMATION:   STATIC OVERLAYABLE
   CODE SIZE        =    319    ----
   CONSTANT SIZE    =     26    ----
   XDATA SIZE       =   ----    ----
   PDATA SIZE       =   ----    ----
   DATA SIZE        =     13    ----
   IDATA SIZE       =   ----    ----
   BIT SIZE         =   ----    ----
END OF MODULE INFORMATION.


C51 COMPILATION COMPLETE.  0 WARNING(S),  0 ERROR(S)
