C51 COMPILER V9.54   MAIN                                                                  10/12/2017 23:23:51 PAGE 1   


C51 COMPILER V9.54, COMPILATION OF MODULE MAIN
OBJECT MODULE PLACED IN .\Objects\main.obj
COMPILER INVOKED BY: D:\keil\C51\BIN\C51.EXE main.c OPTIMIZE(8,SPEED) BROWSE DEBUG OBJECTEXTEND PRINT(.\Listings\main.ls
                    -t) TABS(2) OBJECT(.\Objects\main.obj)

line level    source

   1          #include"reg52.h"
   2          #include"intrins.h"
   3          typedef unsigned char u8;
   4          typedef unsigned char u16;
   5          sbit led=P0^0;
   6          sbit k1=P1^0;
   7          void delay(u16 i)
   8          {
   9   1        while(--i);
  10   1      }
  11          void keypros()
  12          {
  13   1        if(k1==0)
  14   1        {
  15   2          delay(1000);
  16   2          if(k1==0)
  17   2          {
  18   3            led=~led;
  19   3          }
  20   2          while(!k1);
  21   2        }
  22   1      }
  23          void main()
  24          {
  25   1        led=0;
  26   1        while(1)
  27   1        {
  28   2          keypros();
  29   2        }
  30   1      }


MODULE INFORMATION:   STATIC OVERLAYABLE
   CODE SIZE        =     27    ----
   CONSTANT SIZE    =   ----    ----
   XDATA SIZE       =   ----    ----
   PDATA SIZE       =   ----    ----
   DATA SIZE        =   ----    ----
   IDATA SIZE       =   ----    ----
   BIT SIZE         =   ----    ----
END OF MODULE INFORMATION.


C51 COMPILATION COMPLETE.  0 WARNING(S),  0 ERROR(S)
