C51 COMPILER V9.54   MAIN                                                                  11/02/2017 23:47:27 PAGE 1   


C51 COMPILER V9.54, COMPILATION OF MODULE MAIN
OBJECT MODULE PLACED IN .\Objects\main.obj
COMPILER INVOKED BY: D:\keil\C51\BIN\C51.EXE main.c OPTIMIZE(8,SPEED) BROWSE DEBUG OBJECTEXTEND PRINT(.\Listings\main.ls
                    -t) TABS(2) OBJECT(.\Objects\main.obj)

line level    source

   1          #include"reg52.h"
   2          #include"intrins.h"
   3          sbit SRCLK=P3^6;
   4          sbit RCLK1=P3^5;
   5          sbit SER=P3^4;
   6          void delay(unsigned int i)
   7          {
   8   1        while(--i);
   9   1      }
  10          void Hc595SendByte(unsigned char dat)
  11          {
  12   1        char i;
  13   1        for(i=0;i<8;i++)
  14   1        {
  15   2          SER=dat>>7;
  16   2          dat<<=1;
  17   2          SRCLK=0;
  18   2          _nop_();
  19   2          SRCLK=1;
  20   2        }
  21   1        RCLK1=1;
  22   1        _nop_();
  23   1        RCLK1=0;
  24   1      }
  25          void main()
  26          {
  27   1        unsigned char num=0x01;
  28   1        while(1)
  29   1        {
  30   2          Hc595SendByte(num);
  31   2          num=_crol_(num,1);
  32   2          delay(50000);
  33   2        }
  34   1      }


MODULE INFORMATION:   STATIC OVERLAYABLE
   CODE SIZE        =     70    ----
   CONSTANT SIZE    =   ----    ----
   XDATA SIZE       =   ----    ----
   PDATA SIZE       =   ----    ----
   DATA SIZE        =   ----    ----
   IDATA SIZE       =   ----    ----
   BIT SIZE         =   ----    ----
END OF MODULE INFORMATION.


C51 COMPILATION COMPLETE.  0 WARNING(S),  0 ERROR(S)
