C51 COMPILER V9.54   MAIN                                                                  10/02/2017 11:09:46 PAGE 1   


C51 COMPILER V9.54, COMPILATION OF MODULE MAIN
OBJECT MODULE PLACED IN .\Objects\main.obj
COMPILER INVOKED BY: D:\keil\C51\BIN\C51.EXE main.c OPTIMIZE(8,SPEED) BROWSE DEBUG OBJECTEXTEND PRINT(.\Listings\main.ls
                    -t) TABS(2) OBJECT(.\Objects\main.obj)

line level    source

   1          #include"reg52.h"
   2          void delay(unsigned int i)
   3          {
   4   1        while(i--);
   5   1      }
   6          void main()
   7          {
   8   1        char i,j;
   9   1        while(1)
  10   1        {
  11   2          P1=j=0xfe;
  12   2          delay(50000);
  13   2          for(i=0;i<7;i++){
  14   3            j=j<<1;
  15   3            j=j|0x01;
  16   3            P1=j;
  17   3           delay(50000);
  18   3          }
  19   2          P1=j=0x7f;
  20   2          delay(50000);
  21   2          for(i=0;i<7;i++){
  22   3            j=j>>1;
  23   3            j=j|0x80;
  24   3            P1=j;
  25   3           delay(50000);
  26   3          }
  27   2        }
  28   1      }


MODULE INFORMATION:   STATIC OVERLAYABLE
   CODE SIZE        =     73    ----
   CONSTANT SIZE    =   ----    ----
   XDATA SIZE       =   ----    ----
   PDATA SIZE       =   ----    ----
   DATA SIZE        =   ----    ----
   IDATA SIZE       =   ----    ----
   BIT SIZE         =   ----    ----
END OF MODULE INFORMATION.


C51 COMPILATION COMPLETE.  0 WARNING(S),  0 ERROR(S)
