C51 COMPILER V9.54   MAIN                                                                  11/19/2017 16:07:30 PAGE 1   


C51 COMPILER V9.54, COMPILATION OF MODULE MAIN
OBJECT MODULE PLACED IN .\Objects\main.obj
COMPILER INVOKED BY: D:\keil\C51\BIN\C51.EXE main.c OPTIMIZE(8,SPEED) BROWSE DEBUG OBJECTEXTEND PRINT(.\Listings\main.ls
                    -t) TABS(2) OBJECT(.\Objects\main.obj)

line level    source

   1          #include"reg52.h"
   2          sbit duan=P2^0;
   3          sbit wei=P2^1;
   4          unsigned char code duanma[]= {0x3f,0x06,0x5b,0x4f,0x66,0x6d,0x7d,0x07,0x7f,0x6f};
   5          unsigned char code weima[]= {0xfe,0xfd,0xfb,0xf7,0xef,0xdf,0xbf,0x7f};
   6          unsigned char temp[8];
   7          int h,m,s,n;
   8          void delay(unsigned int i)
   9          {
  10   1          while(--i);
  11   1      }
  12          void display()
  13          {
  14   1          int i;
  15   1          for(i=0; i<8; i++)
  16   1          {
  17   2              P0=0;
  18   2              duan=1;
  19   2              duan=0;
  20   2              P0=weima[i];
  21   2              wei=1;
  22   2              wei=0;
  23   2              P0=temp[i];
  24   2              duan=1;
  25   2              duan=0;
  26   2              delay(200);
  27   2          }
  28   1      }
  29          void timer0()
  30          {
  31   1          TMOD=0x01;
  32   1          TH0=(65536-25000)/256;
  33   1          TL0=(65536-25000)%256;
  34   1          EA=1;
  35   1          ET0=1;
  36   1          TR0=1;
  37   1      }
  38          void timer() interrupt 1
  39          {
  40   1          TH0=(65536-25000)/256;
  41   1          TL0=(65536-25000)%256;
  42   1          display();
  43   1          n++;
  44   1          if(n==40)
  45   1          {
  46   2              n=0;
  47   2              s++;
  48   2              if(s==60)
  49   2              {
  50   3                  s=0;
  51   3                  m++;
  52   3                  if(m==60)
  53   3                  {
  54   4                      m=0;
C51 COMPILER V9.54   MAIN                                                                  11/19/2017 16:07:30 PAGE 2   

  55   4                      h++;
  56   4                      if(h==24)
  57   4                          h=0;
  58   4                  }
  59   3              }
  60   2              temp[0]=duanma[h/10];
  61   2              temp[1]=duanma[h%10];
  62   2              temp[2]=0x40;
  63   2              temp[3]=duanma[m/10];
  64   2              temp[4]=duanma[m%10];
  65   2              temp[5]=0x40;
  66   2              temp[6]=duanma[s/10];
  67   2              temp[7]=duanma[s%10];
  68   2          }
  69   1      }
  70          void main()
  71          {
  72   1          timer0();
  73   1          while(1);
  74   1      }


MODULE INFORMATION:   STATIC OVERLAYABLE
   CODE SIZE        =    373    ----
   CONSTANT SIZE    =     18    ----
   XDATA SIZE       =   ----    ----
   PDATA SIZE       =   ----    ----
   DATA SIZE        =     16    ----
   IDATA SIZE       =   ----    ----
   BIT SIZE         =   ----    ----
END OF MODULE INFORMATION.


C51 COMPILATION COMPLETE.  0 WARNING(S),  0 ERROR(S)
