C51 COMPILER V9.54   MAIN                                                                  10/26/2017 14:05:43 PAGE 1   


C51 COMPILER V9.54, COMPILATION OF MODULE MAIN
OBJECT MODULE PLACED IN .\Objects\main.obj
COMPILER INVOKED BY: D:\keil\C51\BIN\C51.EXE main.c OPTIMIZE(8,SPEED) BROWSE DEBUG OBJECTEXTEND PRINT(.\Listings\main.ls
                    -t) TABS(2) OBJECT(.\Objects\main.obj)

line level    source

   1          #include"reg52.h"
   2          sbit moto=P0^0;
   3          void delay(unsigned int i)
   4          {
   5   1        while(--i);
   6   1      }
   7          void main()
   8          {
   9   1        char i;
  10   1        moto=0;
  11   1        for(i=0;i<100;i++)
  12   1        {
  13   2          moto=1;
  14   2          delay(50000);
  15   2        }
  16   1        moto=0;
  17   1        while(1)
  18   1        {
  19   2          
  20   2        }
  21   1      }


MODULE INFORMATION:   STATIC OVERLAYABLE
   CODE SIZE        =     31    ----
   CONSTANT SIZE    =   ----    ----
   XDATA SIZE       =   ----    ----
   PDATA SIZE       =   ----    ----
   DATA SIZE        =   ----    ----
   IDATA SIZE       =   ----    ----
   BIT SIZE         =   ----    ----
END OF MODULE INFORMATION.


C51 COMPILATION COMPLETE.  0 WARNING(S),  0 ERROR(S)
