C51 COMPILER V9.54   MAIN                                                                  10/03/2017 20:23:36 PAGE 1   


C51 COMPILER V9.54, COMPILATION OF MODULE MAIN
OBJECT MODULE PLACED IN .\Objects\main.obj
COMPILER INVOKED BY: D:\keil\C51\BIN\C51.EXE main.c OPTIMIZE(8,SPEED) BROWSE DEBUG OBJECTEXTEND PRINT(.\Listings\main.ls
                    -t) TABS(2) OBJECT(.\Objects\main.obj)

line level    source

   1          #include"reg52.h"
   2          sbit wei=P0^0;
   3          sbit duan=P0^1;
   4          unsigned char code weima[]={0xfe,0xfd,0xfb,0xf7,0xef,0xdf,0xbf,0x7f};
   5          unsigned char code duanma[]={0x3f,0x06,0x5b,0x4f,0x66,0x6d,0x7d,0x07,0x7f,0x6f,0x77,0x7c,0x39,0x5e,0x79,0x
             -71};
   6          unsigned char temp[8];
   7          void delay(unsigned int i)
   8          {
   9   1        while(i--);
  10   1      }
  11          void display(char first,char num)
  12          {
  13   1        char i;
  14   1        for(i=0;i<num;i++)
  15   1        {
  16   2          P1=0;
  17   2          duan=1;
  18   2          duan=0;
  19   2          P1=weima[i+first];
  20   2          wei=1;
  21   2          wei=0;
  22   2          P1=temp[i];
  23   2          duan=1;
  24   2          duan=0;
  25   2          delay(10);
  26   2        }
  27   1      }
  28          void main()
  29          {
  30   1        int j,num;
  31   1        while(1)
  32   1        {
  33   2          j++;
  34   2          if(j==10)
  35   2          {
  36   3            j=0;
  37   3            num++;
  38   3            if(num==10000)
  39   3              num=0;      
  40   3          }
  41   2          temp[0]=duanma[num/1000];
  42   2          temp[1]=duanma[num/100%10];
  43   2          temp[2]=duanma[num/10%10];
  44   2          temp[3]=duanma[num%10];
  45   2          display(2,4);
  46   2        }
  47   1      }


MODULE INFORMATION:   STATIC OVERLAYABLE
   CODE SIZE        =    258    ----
   CONSTANT SIZE    =     24    ----
   XDATA SIZE       =   ----    ----
C51 COMPILER V9.54   MAIN                                                                  10/03/2017 20:23:36 PAGE 2   

   PDATA SIZE       =   ----    ----
   DATA SIZE        =      8       4
   IDATA SIZE       =   ----    ----
   BIT SIZE         =   ----    ----
END OF MODULE INFORMATION.


C51 COMPILATION COMPLETE.  0 WARNING(S),  0 ERROR(S)
