C51 COMPILER V9.54   MAIN                                                                  12/04/2017 23:56:45 PAGE 1   


C51 COMPILER V9.54, COMPILATION OF MODULE MAIN
OBJECT MODULE PLACED IN .\Objects\main.obj
COMPILER INVOKED BY: D:\Keil\C51\BIN\C51.EXE main.c OPTIMIZE(8,SPEED) BROWSE DEBUG OBJECTEXTEND PRINT(.\Listings\main.ls
                    -t) TABS(2) OBJECT(.\Objects\main.obj)

line level    source

   1          #include "reg52.h"
   2          void delay(unsigned int i)
   3          {
   4   1        while(i--);
   5   1      }
   6          unsigned char code smgduan[16]={0xc0,0xf9,0xa4,0xb0,0x99,0x92,0x82,0xf8,
   7                               0x80,0x90,0x88,0x83,0xc6,0xa1,0x86,0x8e};
   8          unsigned char KeyValue;
   9          void KeyDown()
  10          {
  11   1        char a=0;
  12   1        P0=0x0f;
  13   1        if(P0!=0x0f)
  14   1        {
  15   2          delay(1000);
  16   2          if(P0!=0x0f)
  17   2          {
  18   3            switch(P0)
  19   3            {
  20   4              case 0x07:KeyValue=0;break;
  21   4              case 0x0b:KeyValue=1;break;
  22   4              case 0x0d:KeyValue=2;break;
  23   4              case 0x0e:KeyValue=3;break;
  24   4            }
  25   3            P0=0xf0;
  26   3            switch(P0)
  27   3            {
  28   4              case 0x70:KeyValue=KeyValue+0;break;
  29   4              case 0xb0:KeyValue=KeyValue+4;break;
  30   4              case 0xd0:KeyValue=KeyValue+8;break;
  31   4              case 0xe0:KeyValue=KeyValue+12;break;
  32   4            }
  33   3            while(a<10&&P0!=0xf0)
  34   3            {
  35   4              delay(1000);
  36   4              a++;
  37   4            }
  38   3          }
  39   2        }
  40   1      }
  41          void Init()
  42          {
  43   1        SCON=0X50;
  44   1        TMOD=0X20;
  45   1        PCON=0X80;
  46   1        TH1=0Xfd;
  47   1        TL1=0Xfd;
  48   1        EA=1;
  49   1        ES=1;
  50   1        TR1=1;
  51   1      }
  52          
  53          void main()
  54          {
C51 COMPILER V9.54   MAIN                                                                  12/04/2017 23:56:45 PAGE 2   

  55   1        Init();
  56   1        while(1)
  57   1          {
  58   2              KeyDown();
  59   2              P1=smgduan[KeyValue];
  60   2              SBUF=KeyValue;
  61   2            while(!TI);
  62   2            TI=0;
  63   2          }
  64   1      }
  65          void Usart() interrupt 4
  66          {
  67   1        unsigned char temp;
  68   1        temp=SBUF;
  69   1        RI = 0;
  70   1        switch(temp)
  71   1              {
  72   2                  case 0:P1=smgduan[temp];break;
  73   2                  case 1:P1=smgduan[temp];break;
  74   2                  case 2:P1=smgduan[temp];break;
  75   2                  case 3:P1=smgduan[temp];break;
  76   2                  case 4:P1=smgduan[temp];break;
  77   2                  case 5:P1=smgduan[temp];break;
  78   2                  case 6:P1=smgduan[temp];break;
  79   2                  case 7:P1=smgduan[temp];break;
  80   2                  case 8:P1=smgduan[temp];break;
  81   2                  case 9:P1=smgduan[temp];break;
  82   2                  case 10:P1=smgduan[temp];break;
  83   2                  case 11:P1=smgduan[temp];break;
  84   2                  case 12:P1=smgduan[temp];break;
  85   2                  case 13:P1=smgduan[temp];break;
  86   2                  case 14:P1=smgduan[temp];break;
  87   2                  case 15:P1=smgduan[temp];break;
  88   2              }
  89   1      }


MODULE INFORMATION:   STATIC OVERLAYABLE
   CODE SIZE        =    288    ----
   CONSTANT SIZE    =     16    ----
   XDATA SIZE       =   ----    ----
   PDATA SIZE       =   ----    ----
   DATA SIZE        =      1       1
   IDATA SIZE       =   ----    ----
   BIT SIZE         =   ----    ----
END OF MODULE INFORMATION.


C51 COMPILATION COMPLETE.  0 WARNING(S),  0 ERROR(S)
