C51 COMPILER V9.54   MAIN                                                                  10/03/2017 21:16:58 PAGE 1   


C51 COMPILER V9.54, COMPILATION OF MODULE MAIN
OBJECT MODULE PLACED IN .\Objects\main.obj
COMPILER INVOKED BY: D:\keil\C51\BIN\C51.EXE main.c OPTIMIZE(8,SPEED) BROWSE DEBUG OBJECTEXTEND PRINT(.\Listings\main.ls
                    -t) TABS(2) OBJECT(.\Objects\main.obj)

line level    source

   1          #include"reg52.h"
   2          sbit key=P1^0;
   3          sbit led=P1^1;
   4          void delayus(unsigned char t)
   5          {
   6   1        while(t--);
   7   1      }
   8          void delayms(unsigned char t)
   9          {
  10   1        while(t--)
  11   1        {
  12   2          delayus(245);
  13   2          delayus(245);
  14   2        }
  15   1      }
  16          void main()
  17          {
  18   1        key=1;
  19   1        while(1)
  20   1        {
  21   2          if(!key)
  22   2          {
  23   3            delayms(10);
  24   3            if(!key)
  25   3            {
  26   4              while(!key);
  27   4                led=~led;
  28   4            }
  29   3          }
  30   2        }
  31   1      }


MODULE INFORMATION:   STATIC OVERLAYABLE
   CODE SIZE        =     48    ----
   CONSTANT SIZE    =   ----    ----
   XDATA SIZE       =   ----    ----
   PDATA SIZE       =   ----    ----
   DATA SIZE        =   ----    ----
   IDATA SIZE       =   ----    ----
   BIT SIZE         =   ----    ----
END OF MODULE INFORMATION.


C51 COMPILATION COMPLETE.  0 WARNING(S),  0 ERROR(S)
