C51 COMPILER V9.54   MAIN                                                                  10/03/2017 21:13:05 PAGE 1   


C51 COMPILER V9.54, COMPILATION OF MODULE MAIN
OBJECT MODULE PLACED IN .\Objects\main.obj
COMPILER INVOKED BY: D:\keil\C51\BIN\C51.EXE main.c OPTIMIZE(8,SPEED) BROWSE DEBUG OBJECTEXTEND PRINT(.\Listings\main.ls
                    -t) TABS(2) OBJECT(.\Objects\main.obj)

line level    source

   1          #include"reg52.h"
   2          sbit key=P1^0;
   3          sbit led=P1^1;
   4          void main()
   5          {
   6   1        ley=1;
*** ERROR C202 IN LINE 6 OF main.c: 'ley': undefined identifier
   7   1        while(1)
   8   1        {
   9   2          if(!key)
  10   2            led=0;
  11   2          else
  12   2            led=1;
  13   2        }
  14   1      }

C51 COMPILATION COMPLETE.  0 WARNING(S),  1 ERROR(S)
