C51 COMPILER V9.54   MAIN                                                                  11/03/2017 00:46:43 PAGE 1   


C51 COMPILER V9.54, COMPILATION OF MODULE MAIN
OBJECT MODULE PLACED IN .\Objects\main.obj
COMPILER INVOKED BY: D:\keil\C51\BIN\C51.EXE main.c OPTIMIZE(8,SPEED) BROWSE DEBUG OBJECTEXTEND PRINT(.\Listings\main.ls
                    -t) TABS(2) OBJECT(.\Objects\main.obj)

line level    source

   1          #include"reg52.h"
   2          sbit led=P2^0;
   3          sbit k3=P3^3;
   4          void delay(unsigned int i)
   5          {
   6   1        while(--i);
   7   1      }
   8          void Int0()
   9          {
  10   1        IT1=1;
  11   1        EX1=1;
  12   1        EA=1;
  13   1      }
  14          void main()
  15          {
  16   1        Int0();
  17   1        while(1);
  18   1      }
  19          void Int01() interrupt 2
  20          {
  21   1        delay(1000);
  22   1        if(k3==0)
  23   1        {
  24   2          led=~led;
  25   2        }
  26   1      }


MODULE INFORMATION:   STATIC OVERLAYABLE
   CODE SIZE        =     54    ----
   CONSTANT SIZE    =   ----    ----
   XDATA SIZE       =   ----    ----
   PDATA SIZE       =   ----    ----
   DATA SIZE        =   ----    ----
   IDATA SIZE       =   ----    ----
   BIT SIZE         =   ----    ----
END OF MODULE INFORMATION.


C51 COMPILATION COMPLETE.  0 WARNING(S),  0 ERROR(S)
