C51 COMPILER V9.54   MAIN                                                                  10/03/2017 20:56:20 PAGE 1   


C51 COMPILER V9.54, COMPILATION OF MODULE MAIN
OBJECT MODULE PLACED IN .\Objects\main.obj
COMPILER INVOKED BY: D:\keil\C51\BIN\C51.EXE main.c OPTIMIZE(8,SPEED) BROWSE DEBUG OBJECTEXTEND PRINT(.\Listings\main.ls
                    -t) TABS(2) OBJECT(.\Objects\main.obj)

line level    source

   1          #include"reg52.h"
   2          sbit led=P1^0;
   3          void inittimer()
   4          {
   5   1        TMOD|=0x10;
   6   1        TH1=0x00;
   7   1        TL1=0x00;
   8   1        EA=1;
   9   1        ET1=1;
  10   1        TR1=1;
  11   1      }
  12          void main()
  13          {
  14   1        inittimer();
  15   1        while(1);
  16   1      }
  17          void timer() interrupt 3 using 1
  18          {
  19   1        TH1=0x00;
  20   1        TL1=0x00;
  21   1        led=~led;
  22   1      }


MODULE INFORMATION:   STATIC OVERLAYABLE
   CODE SIZE        =     29    ----
   CONSTANT SIZE    =   ----    ----
   XDATA SIZE       =   ----    ----
   PDATA SIZE       =   ----    ----
   DATA SIZE        =   ----    ----
   IDATA SIZE       =   ----    ----
   BIT SIZE         =   ----    ----
END OF MODULE INFORMATION.


C51 COMPILATION COMPLETE.  0 WARNING(S),  0 ERROR(S)
