C51 COMPILER V9.54   MAIN                                                                  09/26/2017 00:51:12 PAGE 1   


C51 COMPILER V9.54, COMPILATION OF MODULE MAIN
OBJECT MODULE PLACED IN .\Objects\main.obj
COMPILER INVOKED BY: D:\keil\C51\BIN\C51.EXE main.c OPTIMIZE(8,SPEED) BROWSE DEBUG OBJECTEXTEND PRINT(.\Listings\main.ls
                    -t) TABS(2) OBJECT(.\Objects\main.obj)

line level    source

   1          #include"reg52.h"
   2          sbit led0=P1^0;
   3          sbit led1=P1^1;
   4          sbit led2=P1^2;
   5          sbit led3=P1^3;
   6          sbit led4=P1^4;
   7          sbit led5=P1^5;
   8          sbit led6=P1^6;
   9          sbit led7=P1^7;
  10          void delay(unsigned int i)
  11          {
  12   1        while(i--);
  13   1      }
  14          void main()
  15          {
  16   1        unsigned char i;
  17   1        while(1)
  18   1        {
  19   2          for(i=0;i<10;i++)
  20   2          {
  21   3            led0=0;
  22   3            led2=1;
  23   3            led4=0;
  24   3            delay(5000);
  25   3            led0=1;
  26   3            led2=0;
  27   3            led4=1;
  28   3            delay(5000);
  29   3          }
  30   2          for(i=0;i<10;i++)
  31   2          {
  32   3            led0=0;
  33   3            led2=1;
  34   3            led4=0;
  35   3            delay(60000);
  36   3            led0=1;
  37   3            led2=0;
  38   3            led4=1;
  39   3            delay(60000);
  40   3          }
  41   2        }
  42   1      }


MODULE INFORMATION:   STATIC OVERLAYABLE
   CODE SIZE        =     80    ----
   CONSTANT SIZE    =   ----    ----
   XDATA SIZE       =   ----    ----
   PDATA SIZE       =   ----    ----
   DATA SIZE        =   ----    ----
   IDATA SIZE       =   ----    ----
   BIT SIZE         =   ----    ----
END OF MODULE INFORMATION.


C51 COMPILATION COMPLETE.  0 WARNING(S),  0 ERROR(S)
