C51 COMPILER V9.54   MAIN                                                                  10/03/2017 19:39:56 PAGE 1   


C51 COMPILER V9.54, COMPILATION OF MODULE MAIN
OBJECT MODULE PLACED IN .\Objects\main.obj
COMPILER INVOKED BY: D:\keil\C51\BIN\C51.EXE main.c OPTIMIZE(8,SPEED) BROWSE DEBUG OBJECTEXTEND PRINT(.\Listings\main.ls
                    -t) TABS(2) OBJECT(.\Objects\main.obj)

line level    source

   1          #include"reg52.h"
   2          sbit wei=P0^0;
   3          sbit duan=P0^1;
   4          unsigned char code weima[]={0xfe,0xfd,0xfb,0xf7,0xef,0xdf,0xbf,0x7f};
   5          unsigned char code duanma[]={0x3f,0x06,0x5b,0x4f,0x66,0x6d,0x7d,0x07,0x7f,0x6f,0x77,0x7c,0x39,0x5e,0x79,0x
             -71};
   6          void delay(unsigned int i)
   7          {
   8   1        while(i--);
   9   1      }
  10          void main()
  11          {
  12   1        int i=0,j,num;
  13   1        while(1)
  14   1        {
  15   2          P1=weima[i];
  16   2          wei=1;
  17   2          wei=0;
  18   2          P1=duanma[num+i];
  19   2          duan=1;
  20   2          duan=0;
  21   2          delay(200);
  22   2          i++;
  23   2          j++;
  24   2          if(i==8)
  25   2            i=0;
  26   2          if(j==500)
  27   2          {
  28   3            j=0;
  29   3            num++;
  30   3            if(num==9)
  31   3              num=0;
  32   3          }
  33   2        }
  34   1      }


MODULE INFORMATION:   STATIC OVERLAYABLE
   CODE SIZE        =    121    ----
   CONSTANT SIZE    =     24    ----
   XDATA SIZE       =   ----    ----
   PDATA SIZE       =   ----    ----
   DATA SIZE        =   ----       4
   IDATA SIZE       =   ----    ----
   BIT SIZE         =   ----    ----
END OF MODULE INFORMATION.


C51 COMPILATION COMPLETE.  0 WARNING(S),  0 ERROR(S)
