C51 COMPILER V9.54   MAIN                                                                  11/16/2017 14:55:23 PAGE 1   


C51 COMPILER V9.54, COMPILATION OF MODULE MAIN
OBJECT MODULE PLACED IN .\Objects\main.obj
COMPILER INVOKED BY: D:\keil\C51\BIN\C51.EXE main.c OPTIMIZE(8,SPEED) BROWSE DEBUG OBJECTEXTEND PRINT(.\Listings\main.ls
                    -t) TABS(2) OBJECT(.\Objects\main.obj)

line level    source

   1          #include"reg52.h"
   2          typedef unsigned int u16;
   3          typedef unsigned char u8;
   4          void UsartInit()
   5          {
   6   1        TMOD=0x20;
   7   1        TH1=0xf3;
   8   1        TL1=0xf3;
   9   1        PCON=0x80;
  10   1        TR1=1;
  11   1        SCON=0x50;
  12   1        ES=1;
  13   1        EA=1;
  14   1      }
  15          void main()
  16          {
  17   1        UsartInit();
  18   1        while(1);
  19   1      }
  20          void Usart()interrupt 4
  21          {
  22   1        u8 receiveData;
  23   1        receiveData=SBUF;
  24   1        RI=0;
  25   1        SBUF=receiveData;
  26   1        while(!TI);
  27   1        TI=0;
  28   1      }


MODULE INFORMATION:   STATIC OVERLAYABLE
   CODE SIZE        =     50    ----
   CONSTANT SIZE    =   ----    ----
   XDATA SIZE       =   ----    ----
   PDATA SIZE       =   ----    ----
   DATA SIZE        =   ----    ----
   IDATA SIZE       =   ----    ----
   BIT SIZE         =   ----    ----
END OF MODULE INFORMATION.


C51 COMPILATION COMPLETE.  0 WARNING(S),  0 ERROR(S)
