C51 COMPILER V9.54   MAIN                                                                  10/27/2017 09:22:10 PAGE 1   


C51 COMPILER V9.54, COMPILATION OF MODULE MAIN
OBJECT MODULE PLACED IN .\Objects\main.obj
COMPILER INVOKED BY: D:\keil\C51\BIN\C51.EXE main.c OPTIMIZE(8,SPEED) BROWSE DEBUG OBJECTEXTEND PRINT(.\Listings\main.ls
                    -t) TABS(2) OBJECT(.\Objects\main.obj)

line level    source

   1          #include"reg52.h"
   2          #include"intrins.h"
   3          unsigned char duanma[]={0xc0,0xf9,0xa4,0xb0,0x99,0x92,0x82,0xf8,
   4                                  0x80,0x90,0x88,0x83,0xc6,0xa1,0x86,0x8e};
   5          char i;
   6          void delay(unsigned int i)
   7          {
   8   1        while(--i);
   9   1      }
  10          void keydown()
  11          {
  12   1        char t=0;
  13   1        P1=0xf0;
  14   1        if(P1!=0x0f)
  15   1        {
  16   2          delay(1000);
  17   2          if(P1!=0xf0)
  18   2          {
  19   3            switch(P1)
  20   3            {
  21   4              case 0x70:i=0;break;
  22   4              case 0xb0:i=1;break;
  23   4              case 0xd0:i=2;break;
  24   4              case 0xe0:i=3;break;
  25   4            } 
  26   3            P1=0x0f;
  27   3            switch(P1)
  28   3            {
  29   4              case 0x0e:i=i;break;
  30   4              case 0x0d:i=i+4;break;
  31   4              case 0x0b:i=i+8;break;
  32   4              case 0x07:i=i+12;break;
  33   4            } 
  34   3            while(t<50&&P1!=0x0f)
  35   3            {
  36   4              delay(1000);
  37   4              t++;
  38   4            }       
  39   3          } 
  40   2        }
  41   1      }
  42          void main()
  43          {
  44   1        while(1)
  45   1        {
  46   2          keydown();
  47   2          P0=duanma[i];
  48   2        }
  49   1      }


MODULE INFORMATION:   STATIC OVERLAYABLE
   CODE SIZE        =    152    ----
   CONSTANT SIZE    =   ----    ----
C51 COMPILER V9.54   MAIN                                                                  10/27/2017 09:22:10 PAGE 2   

   XDATA SIZE       =   ----    ----
   PDATA SIZE       =   ----    ----
   DATA SIZE        =     17       1
   IDATA SIZE       =   ----    ----
   BIT SIZE         =   ----    ----
END OF MODULE INFORMATION.


C51 COMPILATION COMPLETE.  0 WARNING(S),  0 ERROR(S)
