C51 COMPILER V9.54   MAIN                                                                  10/13/2017 23:52:44 PAGE 1   


C51 COMPILER V9.54, COMPILATION OF MODULE MAIN
OBJECT MODULE PLACED IN .\Objects\main.obj
COMPILER INVOKED BY: D:\keil\C51\BIN\C51.EXE main.c OPTIMIZE(8,SPEED) BROWSE DEBUG OBJECTEXTEND PRINT(.\Listings\main.ls
                    -t) TABS(2) OBJECT(.\Objects\main.obj)

line level    source

   1          #include"reg52.h"
   2          #include"intrins.h"
   3          typedef unsigned char u8;
   4          typedef unsigned char u16;
   5          u8 code duanma[16]={0x3f,0x06,0x5b,0x4f,0x66,0x6d,0x7d,0x07,
   6                        0x7f,0x6f,0x77,0x7c,0x39,0x5e,0x79,0x71};
   7          u8 i;
   8          void delay(u16 i)
   9          {
  10   1        while(i--);
  11   1      }
  12          void keydown()
  13          { 
  14   1        char a=0;
  15   1        P1=0x0f;
  16   1        if(P1!=0x0f)
  17   1        {
  18   2          delay(1000);
  19   2          if(P1!=0x0f)
  20   2          {
  21   3            switch(P1)
  22   3            {
  23   4              case 0x07:i=0;break;
  24   4              case 0x0b:i=1;break;
  25   4              case 0x0d:i=2;break;
  26   4              case 0x0e:i=3;break;
  27   4            }
  28   3            P1=0xf0;
  29   3            {
  30   4              switch(P1)
  31   4            {
  32   5              case 0x70:i=i;break;
  33   5              case 0xb0:i=i+4;break;
  34   5              case 0xd0:i=i+8;break;
  35   5              case 0xe0:i=i+12;break;
  36   5            }
  37   4            while(a<50&&P1!=0xf0)
  38   4            {
  39   5              delay(1000);
  40   5              a++;
  41   5            }
  42   4          }
  43   3        }
  44   2       }
  45   1      }
  46          void main()
  47          {
  48   1        while(1)
  49   1        {
  50   2          keydown();
  51   2          P0=~duanma[i];
  52   2        }
  53   1      }

C51 COMPILER V9.54   MAIN                                                                  10/13/2017 23:52:44 PAGE 2   


MODULE INFORMATION:   STATIC OVERLAYABLE
   CODE SIZE        =    146    ----
   CONSTANT SIZE    =     16    ----
   XDATA SIZE       =   ----    ----
   PDATA SIZE       =   ----    ----
   DATA SIZE        =      1       1
   IDATA SIZE       =   ----    ----
   BIT SIZE         =   ----    ----
END OF MODULE INFORMATION.


C51 COMPILATION COMPLETE.  0 WARNING(S),  0 ERROR(S)
