C51 COMPILER V9.54   MAIN                                                                  10/25/2017 16:53:30 PAGE 1   


C51 COMPILER V9.54, COMPILATION OF MODULE MAIN
OBJECT MODULE PLACED IN .\Objects\main.obj
COMPILER INVOKED BY: D:\keil\C51\BIN\C51.EXE main.c OPTIMIZE(8,SPEED) BROWSE DEBUG OBJECTEXTEND PRINT(.\Listings\main.ls
                    -t) TABS(2) OBJECT(.\Objects\main.obj)

line level    source

   1          #include"reg52.h"
   2          sbit led=P0^0;
   3          sbit k1=P1^0;
   4          void delay(unsigned int i)
   5          {
   6   1        while(--i);
   7   1      }
   8          void keypros()
   9          {
  10   1        if(k1==0)
  11   1        {
  12   2          delay(1000);
  13   2          if(k1==0)
  14   2          {
  15   3            led=~led;
  16   3          }
  17   2          while(!k1);
  18   2        }
  19   1      }
  20          void main()
  21          {
  22   1        led=0;
  23   1        while(1)
  24   1        {
  25   2          keypros();
  26   2        }
  27   1      }


MODULE INFORMATION:   STATIC OVERLAYABLE
   CODE SIZE        =     36    ----
   CONSTANT SIZE    =   ----    ----
   XDATA SIZE       =   ----    ----
   PDATA SIZE       =   ----    ----
   DATA SIZE        =   ----    ----
   IDATA SIZE       =   ----    ----
   BIT SIZE         =   ----    ----
END OF MODULE INFORMATION.


C51 COMPILATION COMPLETE.  0 WARNING(S),  0 ERROR(S)
