C51 COMPILER V9.54   MAIN                                                                  10/12/2017 00:11:13 PAGE 1   


C51 COMPILER V9.54, COMPILATION OF MODULE MAIN
OBJECT MODULE PLACED IN .\Objects\main.obj
COMPILER INVOKED BY: D:\keil\C51\BIN\C51.EXE main.c OPTIMIZE(8,SPEED) BROWSE DEBUG OBJECTEXTEND PRINT(.\Listings\main.ls
                    -t) TABS(2) OBJECT(.\Objects\main.obj)

line level    source

   1          #include"reg52.h"
   2          #include"intrins.h"
   3          typedef unsigned char u8;
   4          typedef unsigned char u16;
   5          sbit relay=P1^4;
   6          void main()
   7          {
   8   1        relay=0;
   9   1        while(1)
  10   1        {
  11   2          
  12   2        }
  13   1      }


MODULE INFORMATION:   STATIC OVERLAYABLE
   CODE SIZE        =      4    ----
   CONSTANT SIZE    =   ----    ----
   XDATA SIZE       =   ----    ----
   PDATA SIZE       =   ----    ----
   DATA SIZE        =   ----    ----
   IDATA SIZE       =   ----    ----
   BIT SIZE         =   ----    ----
END OF MODULE INFORMATION.


C51 COMPILATION COMPLETE.  0 WARNING(S),  0 ERROR(S)
