C51 COMPILER V9.54   MAIN                                                                  09/28/2017 12:16:10 PAGE 1   


C51 COMPILER V9.54, COMPILATION OF MODULE MAIN
OBJECT MODULE PLACED IN .\Objects\main.obj
COMPILER INVOKED BY: D:\keil\C51\BIN\C51.EXE main.c OPTIMIZE(8,SPEED) BROWSE DEBUG OBJECTEXTEND PRINT(.\Listings\main.ls
                    -t) TABS(2) OBJECT(.\Objects\main.obj)

line level    source

   1          #include"reg52.h"
   2          #include"intrins.h"
   3          sbit CH1=P2^2;
   4          sbit CH2=P2^3;
   5          void delay(unsigned int i)
   6          {
   7   1        while(i--);
   8   1      }
   9          void main()
  10          {
  11   1          P0=0xfe;
  12   1          CH2=1;
  13   1          CH2=0;
  14   1          P0=0x4f;
  15   1          CH1=1;
  16   1          CH1=0;
  17   1        
  18   1      }


MODULE INFORMATION:   STATIC OVERLAYABLE
   CODE SIZE        =     26    ----
   CONSTANT SIZE    =   ----    ----
   XDATA SIZE       =   ----    ----
   PDATA SIZE       =   ----    ----
   DATA SIZE        =   ----    ----
   IDATA SIZE       =   ----    ----
   BIT SIZE         =   ----    ----
END OF MODULE INFORMATION.


C51 COMPILATION COMPLETE.  0 WARNING(S),  0 ERROR(S)
